#
# There is insufficient memory for the Java Runtime Environment to continue.
# Native memory allocation (malloc) failed to allocate 1048576 bytes for AllocateHeap
# Possible reasons:
#   The system is out of physical RAM or swap space
#   In 32 bit mode, the process size limit was hit
# Possible solutions:
#   Reduce memory load on the system
#   Increase physical memory or swap space
#   Check if swap backing store is full
#   Use 64 bit Java on a 64 bit OS
#   Decrease Java heap size (-Xmx/-Xms)
#   Decrease number of Java threads
#   Decrease Java thread stack sizes (-Xss)
#   Set larger code cache with -XX:ReservedCodeCacheSize=
# This output file may be truncated or incomplete.
#
#  Out of Memory Error (memory/allocation.inline.hpp:61), pid=3516, tid=0x00000000000002f4
#
# JRE version:  (8.0_111-b14) (build )
# Java VM: Java HotSpot(TM) 64-Bit Server VM (25.111-b14 mixed mode windows-amd64 compressed oops)
# Failed to write core dump. Minidumps are not enabled by default on client versions of Windows
#

---------------  T H R E A D  ---------------

Current thread (0x0000000002bb1000):  JavaThread "Unknown thread" [_thread_in_vm, id=756, stack(0x0000000002a50000,0x0000000002b50000)]

Stack: [0x0000000002a50000,0x0000000002b50000]
[error occurred during error reporting (printing stack bounds), id 0xc0000005]

Native frames: (J=compiled Java code, j=interpreted, Vv=VM code, C=native code)


---------------  P R O C E S S  ---------------

Java Threads: ( => current thread )

Other Threads:

=>0x0000000002bb1000 (exited) JavaThread "Unknown thread" [_thread_in_vm, id=756, stack(0x0000000002a50000,0x0000000002b50000)]

VM state:not at safepoint (normal execution)

VM Mutex/Monitor currently owned by a thread: None

Heap:
 PSYoungGen      total 16896K, used 296K [0x00000000ed580000, 0x00000000ee800000, 0x0000000100000000)
  eden space 14848K, 2% used [0x00000000ed580000,0x00000000ed5ca3e0,0x00000000ee400000)
  from space 2048K, 0% used [0x00000000ee600000,0x00000000ee600000,0x00000000ee800000)
  to   space 2048K, 0% used [0x00000000ee400000,0x00000000ee400000,0x00000000ee600000)
 ParOldGen       total 38400K, used 0K [0x00000000c8000000, 0x00000000ca580000, 0x00000000ed580000)
  object space 38400K, 0% used [0x00000000c8000000,0x00000000c8000000,0x00000000ca580000)
 Metaspace       used 770K, capacity 4480K, committed 4480K, reserved 1056768K
  class space    used 75K, capacity 384K, committed 384K, reserved 1048576K

Card table byte_map: [0x0000000012070000,0x0000000012240000] byte_map_base: 0x0000000011a30000

Marking Bits: (ParMarkBitMap*) 0x0000000071b4a6c0
 Begin Bits: [0x0000000012770000, 0x0000000013570000)
 End Bits:   [0x0000000013570000, 0x0000000014370000)

Polling page: 0x0000000002990000

CodeCache: size=245760Kb used=327Kb max_used=327Kb free=245432Kb
 bounds [0x0000000002cb0000, 0x0000000002f20000, 0x0000000011cb0000]
 total_blobs=57 nmethods=0 adapters=38
 compilation: enabled

Compilation events (0 events):
No events

GC Heap History (0 events):
No events

Deoptimization events (0 events):
No events

Internal exceptions (0 events):
No events

Events (10 events):
Event: 0.027 loading class java/lang/Short
Event: 0.027 loading class java/lang/Short done
Event: 0.027 loading class java/lang/Integer
Event: 0.027 loading class java/lang/Integer done
Event: 0.027 loading class java/lang/Long
Event: 0.027 loading class java/lang/Long done
Event: 0.028 loading class java/lang/NullPointerException
Event: 0.028 loading class java/lang/NullPointerException done
Event: 0.028 loading class java/lang/ArithmeticException
Event: 0.028 loading class java/lang/ArithmeticException done


Dynamic libraries:
0x00007ff69e070000 - 0x00007ff69e0a7000 	C:\Program Files\Java\jdk1.8.0_111\bin\java.exe
0x00007ffd2d430000 - 0x00007ffd2d611000 	C:\Windows\SYSTEM32\ntdll.dll
0x00007ffd2d1b0000 - 0x00007ffd2d262000 	C:\Windows\System32\KERNEL32.DLL
0x00007ffd2cf30000 - 0x00007ffd2d1a3000 	C:\Windows\System32\KERNELBASE.dll
0x00007ffd2ae10000 - 0x00007ffd2aeb1000 	C:\Windows\System32\ADVAPI32.dll
0x00007ffd2ccf0000 - 0x00007ffd2cd8e000 	C:\Windows\System32\msvcrt.dll
0x00007ffd2af60000 - 0x00007ffd2afbb000 	C:\Windows\System32\sechost.dll
0x00007ffd2cb60000 - 0x00007ffd2cc84000 	C:\Windows\System32\RPCRT4.dll
0x00007ffd2d270000 - 0x00007ffd2d400000 	C:\Windows\System32\USER32.dll
0x00007ffd2a590000 - 0x00007ffd2a5b0000 	C:\Windows\System32\win32u.dll
0x00007ffd2aec0000 - 0x00007ffd2aee8000 	C:\Windows\System32\GDI32.dll
0x00007ffd29ed0000 - 0x00007ffd2a062000 	C:\Windows\System32\gdi32full.dll
0x00007ffd2a470000 - 0x00007ffd2a50f000 	C:\Windows\System32\msvcp_win.dll
0x00007ffd2a2c0000 - 0x00007ffd2a3ba000 	C:\Windows\System32\ucrtbase.dll
0x00007ffd1b920000 - 0x00007ffd1bb89000 	C:\Windows\WinSxS\amd64_microsoft.windows.common-controls_6595b64144ccf1df_6.0.17134.112_none_fb3f961b30681c12\COMCTL32.dll
0x00007ffd2a960000 - 0x00007ffd2ac83000 	C:\Windows\System32\combase.dll
0x00007ffd2a510000 - 0x00007ffd2a58a000 	C:\Windows\System32\bcryptPrimitives.dll
0x00007ffd2afc0000 - 0x00007ffd2afed000 	C:\Windows\System32\IMM32.DLL
0x0000000071250000 - 0x0000000071322000 	C:\Program Files\Java\jdk1.8.0_111\jre\bin\msvcr100.dll
0x0000000071330000 - 0x0000000071bca000 	C:\Program Files\Java\jdk1.8.0_111\jre\bin\server\jvm.dll
0x00007ffd2ce70000 - 0x00007ffd2ce78000 	C:\Windows\System32\PSAPI.DLL
0x00007ffd1b290000 - 0x00007ffd1b299000 	C:\Windows\SYSTEM32\WSOCK32.dll
0x00007ffd20cf0000 - 0x00007ffd20cfa000 	C:\Windows\SYSTEM32\VERSION.dll
0x00007ffd27a50000 - 0x00007ffd27a73000 	C:\Windows\SYSTEM32\WINMM.dll
0x00007ffd2aef0000 - 0x00007ffd2af5c000 	C:\Windows\System32\WS2_32.dll
0x00007ffd27a20000 - 0x00007ffd27a4a000 	C:\Windows\SYSTEM32\winmmbase.dll
0x00007ffd2a5b0000 - 0x00007ffd2a5f9000 	C:\Windows\System32\cfgmgr32.dll
0x0000000071200000 - 0x000000007120f000 	C:\Program Files\Java\jdk1.8.0_111\jre\bin\verify.dll
0x00000000711d0000 - 0x00000000711f9000 	C:\Program Files\Java\jdk1.8.0_111\jre\bin\java.dll
0x00000000711b0000 - 0x00000000711c6000 	C:\Program Files\Java\jdk1.8.0_111\jre\bin\zip.dll

VM Arguments:
jvm_args: -Dfile.encoding=UTF-8 
java_command: view.Professor
java_class_path (initial): C:\Users\631820182\Documents\NetBeansProjects\TrabalhoFinalFaculdade\build\classes
Launcher Type: SUN_STANDARD

Environment Variables:
PATH=C:\APP\Python\37\Scripts\;C:\APP\Python\37\;C:\Program Files (x86)\Common Files\Oracle\Java\javapath;C:\Windows\system32;C:\Windows;C:\Windows\System32\Wbem;C:\Windows\System32\WindowsPowerShell\v1.0\;C:\Windows\System32\OpenSSH\;C:\APP\xampp\php;C:\APP\composer;C:\APP\PuTTY\;C:\Program Files\Microsoft VS Code\bin;C:\APP\npm;C:\APP\composer;C:\Program Files\Microsoft SQL Server\Client SDK\ODBC\130\Tools\Binn\;C:\Program Files (x86)\Microsoft SQL Server\140\Tools\Binn\;C:\Program Files\Microsoft SQL Server\140\Tools\Binn\;C:\Program Files\Microsoft SQL Server\140\DTS\Binn\;C:\Program Files (x86)\Microsoft SQL Server\Client SDK\ODBC\130\Tools\Binn\;C:\Program Files (x86)\Microsoft SQL Server\140\DTS\Binn\;C:\Program Files (x86)\Microsoft SQL Server\140\Tools\Binn\ManagementStudio\;C:\Program Files\dotnet\;C:\Program Files\Microsoft SQL Server\130\Tools\Binn\;C:\Program Files\nodejs\;C:\Program Files\Git\cmd;C:\Users\631820182\AppData\Local\Microsoft\WindowsApps;C:\Program Files\heroku\bin;C:\Users\Administrador\AppData\Roaming\Composer\vendor\bin;C:\Users\Administrador\AppData\Roaming\npm
USERNAME=631820182
OS=Windows_NT
PROCESSOR_IDENTIFIER=AMD64 Family 16 Model 4 Stepping 3, AuthenticAMD



---------------  S Y S T E M  ---------------

OS: Windows 10.0 , 64 bit Build 17134 (10.0.17134.1)

CPU:total 4 (4 cores per cpu, 1 threads per core) family 16 model 4 stepping 3, cmov, cx8, fxsr, mmx, sse, sse2, sse3, popcnt, mmxext, 3dnowpref, lzcnt, sse4a, tsc, tscinvbit, tscinv

Memory: 4k page, physical 3669388k(472468k free), swap 3669388k(6120k free)

vm_info: Java HotSpot(TM) 64-Bit Server VM (25.111-b14) for windows-amd64 JRE (1.8.0_111-b14), built on Sep 22 2016 19:24:05 by "java_re" with MS VC++ 10.0 (VS2010)

time: Wed Nov 20 11:28:17 2019
elapsed time: 0 seconds (0d 0h 0m 0s)

